2008-03-21 15:12:12 Notice: Notice (1024): Please change the value of 'Security.salt' in app/config/core.php to a salt value specific to your application in [CORE/cake/libs/debugger.php, line 535]
2008-03-23 21:35:21 Notice: Notice (1024): Method tagValue() is deprecated in HtmlHelper: see Helper::value in [CORE/cake/libs/view/helpers/html.php, line 756]
2008-03-23 22:36:15 Notice: Notice (1024): Method tagErrorMsg() is deprecated in HtmlHelper: see FormHelper::error in [CORE/cake/libs/view/helpers/html.php, line 801]
2008-03-23 22:36:19 Notice: Notice (8): Undefined property:  ProjectsController::$project in [APP/controllers/projects_controller.php, line 18]
2008-03-23 22:37:00 Notice: Notice (1024): Method tagErrorMsg() is deprecated in HtmlHelper: see FormHelper::error in [CORE/cake/libs/view/helpers/html.php, line 801]
2008-03-23 23:56:39 Notice: Notice (8): Undefined variable: radioOptions in [CORE/cake/libs/view/helpers/form.php, line 664]
2008-03-24 10:58:21 Notice: Notice (8): Undefined variable: ad in [APP/controllers/components/ldap.php, line 9]
2008-03-24 10:58:21 Notice: Notice (8): Undefined variable: ldaprdn in [APP/controllers/components/ldap.php, line 11]
2008-03-24 10:58:21 Notice: Notice (8): Undefined variable: ldappass in [APP/controllers/components/ldap.php, line 11]
2008-03-24 10:59:08 Notice: Notice (8): Undefined variable: ad in [APP/controllers/components/ldap.php, line 9]
2008-03-24 10:59:08 Notice: Notice (8): Undefined variable: ldaprdn in [APP/controllers/components/ldap.php, line 11]
2008-03-24 10:59:08 Notice: Notice (8): Undefined variable: ldappass in [APP/controllers/components/ldap.php, line 11]
2008-03-24 10:59:08 Notice: Notice (8): Undefined variable: ds in [APP/controllers/components/ldap.php, line 19]
2008-03-24 10:59:08 Notice: Notice (8): Undefined variable: ds in [APP/controllers/components/ldap.php, line 20]
2008-03-24 10:59:08 Notice: Notice (8): Undefined variable: sr in [APP/controllers/components/ldap.php, line 20]
2008-03-24 10:59:09 Notice: Notice (8): Undefined variable: ad in [APP/controllers/components/ldap.php, line 9]
2008-03-24 10:59:09 Notice: Notice (8): Undefined variable: ldaprdn in [APP/controllers/components/ldap.php, line 11]
2008-03-24 10:59:09 Notice: Notice (8): Undefined variable: ldappass in [APP/controllers/components/ldap.php, line 11]
2008-03-24 10:59:09 Notice: Notice (8): Undefined variable: ds in [APP/controllers/components/ldap.php, line 19]
2008-03-24 10:59:09 Notice: Notice (8): Undefined variable: ds in [APP/controllers/components/ldap.php, line 20]
2008-03-24 10:59:09 Notice: Notice (8): Undefined variable: sr in [APP/controllers/components/ldap.php, line 20]
2008-03-24 11:03:13 Notice: Notice (8): Undefined variable: ldaprdn in [APP/controllers/components/ldap.php, line 11]
2008-03-24 11:03:13 Notice: Notice (8): Undefined variable: ldappass in [APP/controllers/components/ldap.php, line 11]
2008-03-24 11:03:13 Notice: Notice (8): Undefined variable: ds in [APP/controllers/components/ldap.php, line 19]
2008-03-24 11:03:13 Notice: Notice (8): Undefined variable: ds in [APP/controllers/components/ldap.php, line 20]
2008-03-24 11:03:13 Notice: Notice (8): Undefined variable: sr in [APP/controllers/components/ldap.php, line 20]
2008-03-24 11:03:33 Notice: Notice (8): Undefined variable: ds in [APP/controllers/components/ldap.php, line 19]
2008-03-24 11:03:33 Notice: Notice (8): Undefined variable: ds in [APP/controllers/components/ldap.php, line 20]
2008-03-24 11:03:33 Notice: Notice (8): Undefined variable: sr in [APP/controllers/components/ldap.php, line 20]
2008-03-24 11:16:55 Notice: Notice (8): Undefined variable: ds in [APP/controllers/components/ldap.php, line 20]
2008-03-24 11:16:55 Notice: Notice (8): Undefined variable: ds in [APP/controllers/components/ldap.php, line 21]
2008-03-24 11:16:55 Notice: Notice (8): Undefined variable: sr in [APP/controllers/components/ldap.php, line 21]
2008-03-24 11:18:15 Notice: Notice (8): Undefined variable: ds in [APP/controllers/components/ldap.php, line 21]
2008-03-24 11:18:15 Notice: Notice (8): Undefined variable: sr in [APP/controllers/components/ldap.php, line 21]
2008-03-24 14:25:19 Notice: Notice (8): Undefined variable: employee_ad in [APP/controllers/projects_controller.php, line 19]
2008-03-24 17:26:09 Notice: Notice (8): unserialize() [<a href='http://php.net/function.unserialize'>function.unserialize</a>]: Error at offset 0 of 676 bytes in [CORE/cake/libs/cache/file.php, line 179]
2008-03-25 10:31:14 Notice: Notice (8): Undefined variable: id in [APP/views/projects/edit.ctp, line 2]
2008-03-25 10:31:14 Notice: Notice (8): Undefined variable: employees in [APP/views/projects/edit.ctp, line 19]
2008-03-25 10:31:32 Notice: Notice (8): Undefined variable: id in [APP/views/projects/edit.ctp, line 2]
2008-03-25 10:36:42 Notice: Notice (8): Undefined property:  ProjectsController::$Post in [APP/controllers/projects_controller.php, line 37]
2008-03-25 11:24:15 Notice: Notice (8): Undefined index:  JobCode in [APP/controllers/projects_controller.php, line 39]
2008-03-25 15:22:01 Notice: Notice (8): Undefined index:  page in [CORE/cake/libs/model/model.php, line 1713]
2008-03-25 15:22:01 Notice: Notice (8): Undefined index:  order in [CORE/cake/libs/model/model.php, line 1721]
2008-03-25 15:22:03 Notice: Notice (8): Undefined index:  page in [CORE/cake/libs/model/model.php, line 1713]
2008-03-25 15:22:03 Notice: Notice (8): Undefined index:  order in [CORE/cake/libs/model/model.php, line 1721]
2008-03-25 15:22:22 Notice: Notice (8): Undefined index:  page in [CORE/cake/libs/model/model.php, line 1713]
2008-03-25 15:22:22 Notice: Notice (8): Undefined index:  order in [CORE/cake/libs/model/model.php, line 1721]
2008-03-25 15:25:51 Notice: Notice (8): Use of undefined constant order - assumed 'order' in [APP/controllers/projects_controller.php, line 16]
2008-03-25 15:26:06 Notice: Notice (8): Use of undefined constant order - assumed 'order' in [APP/controllers/projects_controller.php, line 16]
2008-03-25 15:26:19 Notice: Notice (8): Use of undefined constant order - assumed 'order' in [APP/controllers/projects_controller.php, line 34]
2008-03-25 15:26:23 Notice: Notice (8): Use of undefined constant order - assumed 'order' in [APP/controllers/projects_controller.php, line 34]
2008-03-25 15:26:26 Notice: Notice (8): Use of undefined constant order - assumed 'order' in [APP/controllers/projects_controller.php, line 34]
2008-03-25 15:26:34 Notice: Notice (8): Use of undefined constant order - assumed 'order' in [APP/controllers/projects_controller.php, line 34]
2008-03-25 15:27:35 Notice: Notice (8): Use of undefined constant order - assumed 'order' in [APP/controllers/projects_controller.php, line 34]
2008-03-25 15:27:35 Notice: Notice (8): Use of undefined constant order - assumed 'order' in [APP/controllers/projects_controller.php, line 34]
2008-03-25 15:27:37 Notice: Notice (8): Use of undefined constant order - assumed 'order' in [APP/controllers/projects_controller.php, line 34]
2008-03-25 15:37:39 Notice: Notice (8): Undefined index:  first in [APP/views/projects/view.ctp, line 96]
2008-03-25 15:37:39 Notice: Notice (8): Undefined index:  position_type in [APP/views/projects/view.ctp, line 97]
2008-03-25 15:37:39 Notice: Notice (8): Undefined index:  position_sub_type in [APP/views/projects/view.ctp, line 98]
2008-03-25 16:28:18 Notice: Notice (8): Undefined index:  first in [APP/views/projects/view.ctp, line 96]
2008-03-25 16:28:18 Notice: Notice (8): Undefined index:  position_type in [APP/views/projects/view.ctp, line 97]
2008-03-25 16:28:18 Notice: Notice (8): Undefined index:  position_sub_type in [APP/views/projects/view.ctp, line 98]
2008-03-25 16:28:38 Notice: Notice (8): Undefined index:  first in [APP/views/projects/view.ctp, line 96]
2008-03-25 16:28:38 Notice: Notice (8): Undefined index:  position_type in [APP/views/projects/view.ctp, line 97]
2008-03-25 16:28:38 Notice: Notice (8): Undefined index:  position_sub_type in [APP/views/projects/view.ctp, line 98]
2008-03-25 16:28:52 Notice: Notice (8): Undefined index:  first in [APP/views/projects/view.ctp, line 96]
2008-03-25 16:28:52 Notice: Notice (8): Undefined index:  position_type in [APP/views/projects/view.ctp, line 97]
2008-03-25 16:28:52 Notice: Notice (8): Undefined index:  position_sub_type in [APP/views/projects/view.ctp, line 98]
2008-03-26 12:00:18 Notice: Notice (8): Undefined variable: clients in [APP/views/projects/add.ctp, line 20]
2008-03-26 12:07:02 Notice: Notice (8): Undefined index:  client in [APP/views/projects/index.ctp, line 36]
2008-03-26 12:12:22 Notice: Notice (8): Undefined index:  client in [APP/views/projects/view.ctp, line 16]
2008-03-26 13:48:51 Notice: Notice (8): Undefined variable: selected_client in [APP/views/projects/add.ctp, line 20]
2008-03-26 13:50:26 Notice: Notice (8): Undefined variable: selected_client in [APP/views/projects/add.ctp, line 20]
2008-03-26 14:04:44 Notice: Notice (8): Undefined variable: selected_client in [APP/views/projects/add.ctp, line 20]
2008-03-26 14:06:44 Notice: Notice (8): Use of undefined constant type - assumed 'type' in [APP/views/projects/add.ctp, line 20]
2008-03-26 16:58:57 Notice: Notice (8): Undefined variable: rep in [APP/controllers/components/svn.php, line 9]
2008-03-31 16:28:27 Notice: Notice (8): Undefined index:  jobcode_id in [APP/views/projects/edit.ctp, line 14]
2008-03-31 16:29:03 Notice: Notice (8): Undefined index:  jobcode_id in [APP/views/projects/edit.ctp, line 15]
2008-03-31 16:30:02 Notice: Notice (8): Undefined index:  Jobcode in [APP/views/projects/edit.ctp, line 14]
2008-03-31 16:30:06 Notice: Notice (8): Undefined index:  Jobcode in [APP/views/projects/edit.ctp, line 14]
2008-03-31 16:30:20 Notice: Notice (8): Undefined index:  jobcode in [APP/views/projects/edit.ctp, line 14]
2008-03-31 16:30:30 Notice: Notice (8): Undefined index:  jobcode_id in [APP/views/projects/edit.ctp, line 15]
2008-03-31 17:42:16 Notice: Notice (8): Undefined index:  client_id in [APP/controllers/projects_controller.php, line 70]
2008-03-31 17:42:16 Notice: Notice (8): Undefined index:  code in [APP/views/projects/edit.ctp, line 15]
2008-03-31 17:42:16 Notice: Notice (8): Undefined index:  code in [APP/views/projects/edit.ctp, line 16]
2008-03-31 17:42:16 Notice: Notice (8): Undefined index:  Client in [APP/views/projects/edit.ctp, line 26]
2008-03-31 17:42:33 Notice: Notice (8): Undefined index:  client_id in [APP/controllers/projects_controller.php, line 70]
2008-03-31 17:42:34 Notice: Notice (8): Undefined index:  code in [APP/views/projects/edit.ctp, line 15]
2008-03-31 17:42:34 Notice: Notice (8): Undefined index:  code in [APP/views/projects/edit.ctp, line 16]
2008-03-31 17:42:34 Notice: Notice (8): Undefined index:  Client in [APP/views/projects/edit.ctp, line 26]
2008-04-01 12:48:55 Notice: Notice (8): Undefined index:  client_id in [APP/controllers/projects_controller.php, line 70]
2008-04-01 12:48:55 Notice: Notice (8): Undefined index:  code in [APP/views/projects/edit.ctp, line 15]
2008-04-01 12:48:55 Notice: Notice (8): Undefined index:  code in [APP/views/projects/edit.ctp, line 16]
2008-04-01 12:48:55 Notice: Notice (8): Undefined index:  Client in [APP/views/projects/edit.ctp, line 26]
2008-04-01 12:52:42 Notice: Notice (8): Undefined index:  Client in [APP/views/projects/edit.ctp, line 26]
2008-04-01 12:54:53 Notice: Notice (8): Undefined index:  Client in [APP/views/projects/edit.ctp, line 26]
2008-04-01 12:54:53 Notice: Notice (8): Undefined index:  Client in [APP/views/projects/edit.ctp, line 28]
2008-04-01 16:38:11 Notice: Notice (8): Undefined variable: db in [APP/controllers/projects_controller.php, line 167]
2008-04-01 16:38:12 Notice: Notice (8): Trying to get property of non-object in [APP/controllers/projects_controller.php, line 167]
2008-04-01 16:38:16 Notice: Notice (8): Undefined variable: db in [APP/controllers/projects_controller.php, line 167]
2008-04-01 16:38:18 Notice: Notice (8): Trying to get property of non-object in [APP/controllers/projects_controller.php, line 167]
2008-04-01 16:42:39 Notice: Notice (8): Undefined variable: db in [APP/controllers/projects_controller.php, line 167]
2008-04-01 16:42:41 Notice: Notice (8): Trying to get property of non-object in [APP/controllers/projects_controller.php, line 167]
2008-04-01 17:30:59 Notice: Notice (8): Undefined index:  email in [APP/controllers/projects_controller.php, line 171]
2008-04-01 17:38:55 Notice: Notice (8): Undefined index:  ou in [APP/controllers/projects_controller.php, line 139]
2008-04-01 17:40:37 Notice: Notice (8): Undefined variable: employeed_ad in [APP/controllers/projects_controller.php, line 138]
2008-04-01 17:40:57 Notice: Notice (8): Undefined index:  ou in [APP/controllers/projects_controller.php, line 143]
2008-04-01 17:42:25 Notice: Notice (8): Undefined index:  ou in [APP/controllers/projects_controller.php, line 143]
2008-04-01 17:45:09 Notice: Notice (8): Undefined index:  ou in [APP/controllers/projects_controller.php, line 147]
2008-04-01 17:57:41 Notice: Notice (8): Undefined index:  email in [APP/controllers/projects_controller.php, line 155]
2008-04-01 18:02:43 Notice: Notice (8): Undefined index:  email in [APP/controllers/projects_controller.php, line 155]
2008-04-01 18:02:45 Notice: Notice (8): Undefined index:  email in [APP/controllers/projects_controller.php, line 162]
2008-04-01 18:02:48 Notice: Notice (8): Undefined index:  common_name in [APP/controllers/projects_controller.php, line 162]
2008-04-01 18:06:13 Notice: Notice (8): Undefined index:  email in [APP/controllers/projects_controller.php, line 156]
2008-04-01 18:06:15 Notice: Notice (8): Undefined index:  email in [APP/controllers/projects_controller.php, line 163]
2008-04-01 18:06:17 Notice: Notice (8): Undefined index:  common_name in [APP/controllers/projects_controller.php, line 163]
2008-04-01 18:07:13 Notice: Notice (8): Undefined index:  email in [APP/controllers/projects_controller.php, line 159]
2008-04-01 18:07:15 Notice: Notice (8): Undefined index:  email in [APP/controllers/projects_controller.php, line 166]
2008-04-01 18:07:18 Notice: Notice (8): Undefined index:  common_name in [APP/controllers/projects_controller.php, line 166]
2008-04-01 18:11:05 Notice: Notice (8): Undefined index:  email in [APP/controllers/projects_controller.php, line 163]
2008-04-01 18:20:14 Notice: Notice (8): Undefined variable: mantis_location in [APP/controllers/components/mantis.php, line 15]
2008-04-01 18:23:18 Notice: Notice (8): Use of undefined constant BUG_DEPENDANT - assumed 'BUG_DEPENDANT' in [/var/www/cmd/mantis/core/relationship_api.php, line 84]
2008-04-01 18:23:18 Notice: Notice (8): Use of undefined constant BUG_BLOCKS - assumed 'BUG_BLOCKS' in [/var/www/cmd/mantis/core/relationship_api.php, line 86]
2008-04-01 18:23:18 Notice: Notice (8): Use of undefined constant BUG_BLOCKS - assumed 'BUG_BLOCKS' in [/var/www/cmd/mantis/core/relationship_api.php, line 92]
2008-04-01 18:23:18 Notice: Notice (8): Use of undefined constant BUG_DEPENDANT - assumed 'BUG_DEPENDANT' in [/var/www/cmd/mantis/core/relationship_api.php, line 94]
2008-04-01 18:23:18 Notice: Notice (8): Use of undefined constant BUG_DUPLICATE - assumed 'BUG_DUPLICATE' in [/var/www/cmd/mantis/core/relationship_api.php, line 100]
2008-04-01 18:23:18 Notice: Notice (8): Use of undefined constant BUG_HAS_DUPLICATE - assumed 'BUG_HAS_DUPLICATE' in [/var/www/cmd/mantis/core/relationship_api.php, line 102]
2008-04-01 18:23:18 Notice: Notice (8): Use of undefined constant BUG_HAS_DUPLICATE - assumed 'BUG_HAS_DUPLICATE' in [/var/www/cmd/mantis/core/relationship_api.php, line 108]
2008-04-01 18:23:18 Notice: Notice (8): Use of undefined constant BUG_DUPLICATE - assumed 'BUG_DUPLICATE' in [/var/www/cmd/mantis/core/relationship_api.php, line 110]
2008-04-01 18:23:18 Notice: Notice (8): Use of undefined constant BUG_RELATED - assumed 'BUG_RELATED' in [/var/www/cmd/mantis/core/relationship_api.php, line 115]
2008-04-01 18:23:18 Notice: Notice (8): Use of undefined constant BUG_RELATED - assumed 'BUG_RELATED' in [/var/www/cmd/mantis/core/relationship_api.php, line 117]
2008-04-01 18:39:40 Notice: Notice (8): Use of undefined constant BUG_DEPENDANT - assumed 'BUG_DEPENDANT' in [/var/www/cmd/mantis/core/relationship_api.php, line 84]
2008-04-01 18:39:40 Notice: Notice (8): Use of undefined constant BUG_BLOCKS - assumed 'BUG_BLOCKS' in [/var/www/cmd/mantis/core/relationship_api.php, line 86]
2008-04-01 18:39:40 Notice: Notice (8): Use of undefined constant BUG_BLOCKS - assumed 'BUG_BLOCKS' in [/var/www/cmd/mantis/core/relationship_api.php, line 92]
2008-04-01 18:39:40 Notice: Notice (8): Use of undefined constant BUG_DEPENDANT - assumed 'BUG_DEPENDANT' in [/var/www/cmd/mantis/core/relationship_api.php, line 94]
2008-04-01 18:39:40 Notice: Notice (8): Use of undefined constant BUG_DUPLICATE - assumed 'BUG_DUPLICATE' in [/var/www/cmd/mantis/core/relationship_api.php, line 100]
2008-04-01 18:39:40 Notice: Notice (8): Use of undefined constant BUG_HAS_DUPLICATE - assumed 'BUG_HAS_DUPLICATE' in [/var/www/cmd/mantis/core/relationship_api.php, line 102]
2008-04-01 18:39:40 Notice: Notice (8): Use of undefined constant BUG_HAS_DUPLICATE - assumed 'BUG_HAS_DUPLICATE' in [/var/www/cmd/mantis/core/relationship_api.php, line 108]
2008-04-01 18:39:40 Notice: Notice (8): Use of undefined constant BUG_DUPLICATE - assumed 'BUG_DUPLICATE' in [/var/www/cmd/mantis/core/relationship_api.php, line 110]
2008-04-01 18:39:40 Notice: Notice (8): Use of undefined constant BUG_RELATED - assumed 'BUG_RELATED' in [/var/www/cmd/mantis/core/relationship_api.php, line 115]
2008-04-01 18:39:40 Notice: Notice (8): Use of undefined constant BUG_RELATED - assumed 'BUG_RELATED' in [/var/www/cmd/mantis/core/relationship_api.php, line 117]
2008-04-01 18:42:28 Notice: Notice (8): Use of undefined constant BUG_DEPENDANT - assumed 'BUG_DEPENDANT' in [/var/www/cmd/mantis/core/relationship_api.php, line 84]
2008-04-01 18:42:28 Notice: Notice (8): Use of undefined constant BUG_BLOCKS - assumed 'BUG_BLOCKS' in [/var/www/cmd/mantis/core/relationship_api.php, line 86]
2008-04-01 18:42:28 Notice: Notice (8): Use of undefined constant BUG_BLOCKS - assumed 'BUG_BLOCKS' in [/var/www/cmd/mantis/core/relationship_api.php, line 92]
2008-04-01 18:42:28 Notice: Notice (8): Use of undefined constant BUG_DEPENDANT - assumed 'BUG_DEPENDANT' in [/var/www/cmd/mantis/core/relationship_api.php, line 94]
2008-04-01 18:42:28 Notice: Notice (8): Use of undefined constant BUG_DUPLICATE - assumed 'BUG_DUPLICATE' in [/var/www/cmd/mantis/core/relationship_api.php, line 100]
2008-04-01 18:42:28 Notice: Notice (8): Use of undefined constant BUG_HAS_DUPLICATE - assumed 'BUG_HAS_DUPLICATE' in [/var/www/cmd/mantis/core/relationship_api.php, line 102]
2008-04-01 18:42:28 Notice: Notice (8): Use of undefined constant BUG_HAS_DUPLICATE - assumed 'BUG_HAS_DUPLICATE' in [/var/www/cmd/mantis/core/relationship_api.php, line 108]
2008-04-01 18:42:28 Notice: Notice (8): Use of undefined constant BUG_DUPLICATE - assumed 'BUG_DUPLICATE' in [/var/www/cmd/mantis/core/relationship_api.php, line 110]
2008-04-01 18:42:28 Notice: Notice (8): Use of undefined constant BUG_RELATED - assumed 'BUG_RELATED' in [/var/www/cmd/mantis/core/relationship_api.php, line 115]
2008-04-01 18:42:28 Notice: Notice (8): Use of undefined constant BUG_RELATED - assumed 'BUG_RELATED' in [/var/www/cmd/mantis/core/relationship_api.php, line 117]
2008-04-01 18:45:49 Notice: Notice (8): Use of undefined constant BUG_DEPENDANT - assumed 'BUG_DEPENDANT' in [/var/www/cmd/mantis/core/relationship_api.php, line 84]
2008-04-01 18:45:49 Notice: Notice (8): Use of undefined constant BUG_BLOCKS - assumed 'BUG_BLOCKS' in [/var/www/cmd/mantis/core/relationship_api.php, line 86]
2008-04-01 18:45:49 Notice: Notice (8): Use of undefined constant BUG_BLOCKS - assumed 'BUG_BLOCKS' in [/var/www/cmd/mantis/core/relationship_api.php, line 92]
2008-04-01 18:45:49 Notice: Notice (8): Use of undefined constant BUG_DEPENDANT - assumed 'BUG_DEPENDANT' in [/var/www/cmd/mantis/core/relationship_api.php, line 94]
2008-04-01 18:45:49 Notice: Notice (8): Use of undefined constant BUG_DUPLICATE - assumed 'BUG_DUPLICATE' in [/var/www/cmd/mantis/core/relationship_api.php, line 100]
2008-04-01 18:45:49 Notice: Notice (8): Use of undefined constant BUG_HAS_DUPLICATE - assumed 'BUG_HAS_DUPLICATE' in [/var/www/cmd/mantis/core/relationship_api.php, line 102]
2008-04-01 18:45:49 Notice: Notice (8): Use of undefined constant BUG_HAS_DUPLICATE - assumed 'BUG_HAS_DUPLICATE' in [/var/www/cmd/mantis/core/relationship_api.php, line 108]
2008-04-01 18:45:49 Notice: Notice (8): Use of undefined constant BUG_DUPLICATE - assumed 'BUG_DUPLICATE' in [/var/www/cmd/mantis/core/relationship_api.php, line 110]
2008-04-01 18:45:49 Notice: Notice (8): Use of undefined constant BUG_RELATED - assumed 'BUG_RELATED' in [/var/www/cmd/mantis/core/relationship_api.php, line 115]
2008-04-01 18:45:49 Notice: Notice (8): Use of undefined constant BUG_RELATED - assumed 'BUG_RELATED' in [/var/www/cmd/mantis/core/relationship_api.php, line 117]
2008-04-01 20:15:29 Notice: Notice (8): Undefined variable: g_absolute_path in [/var/www/cmd/mantis/config_defaults_inc.php, line 130]
2008-04-01 20:20:16 Notice: Notice (8): Undefined variable: g_core_path in [/var/www/cmd/mantis/core.php, line 104]
2008-04-01 20:21:20 Notice: Notice (8): Undefined variable: g_core_path in [/var/www/cmd/mantis/core.php, line 104]
2008-04-01 20:40:24 Notice: Notice (8): Undefined variable: g_core_path in [/var/www/cmd/mantis/core.php, line 107]
2008-04-01 20:40:51 Notice: Notice (8): Undefined index:  g_core_path in [/var/www/cmd/mantis/core.php, line 107]
2008-04-01 20:42:52 Notice: Notice (8): Undefined variable: g_core_path in [/var/www/cmd/mantis/core.php, line 104]
2008-04-03 15:16:57 Notice: Notice (8): Constant REPORTER already defined in [APP/vendors/mantis/core/constant_inc.php, line 44]
2008-04-03 15:16:57 Notice: Notice (8): Constant DEVELOPER already defined in [APP/vendors/mantis/core/constant_inc.php, line 46]
2008-04-03 15:16:57 Notice: Notice (8): Constant ADMINISTRATOR already defined in [APP/vendors/mantis/core/constant_inc.php, line 48]
2008-04-03 15:19:07 Notice: Notice (8): Constant REPORTER already defined in [APP/vendors/mantis/core/constant_inc.php, line 44]
2008-04-03 15:19:07 Notice: Notice (8): Constant DEVELOPER already defined in [APP/vendors/mantis/core/constant_inc.php, line 46]
2008-04-03 15:19:07 Notice: Notice (8): Constant ADMINISTRATOR already defined in [APP/vendors/mantis/core/constant_inc.php, line 48]
2008-04-03 15:20:47 Notice: Notice (8): Constant REPORTER already defined in [APP/vendors/mantis/core/constant_inc.php, line 44]
2008-04-03 15:20:47 Notice: Notice (8): Constant DEVELOPER already defined in [APP/vendors/mantis/core/constant_inc.php, line 46]
2008-04-03 15:20:47 Notice: Notice (8): Constant ADMINISTRATOR already defined in [APP/vendors/mantis/core/constant_inc.php, line 48]
2008-04-03 15:20:53 Notice: Notice (8): Constant REPORTER already defined in [APP/vendors/mantis/core/constant_inc.php, line 44]
2008-04-03 15:20:53 Notice: Notice (8): Constant DEVELOPER already defined in [APP/vendors/mantis/core/constant_inc.php, line 46]
2008-04-03 15:20:53 Notice: Notice (8): Constant ADMINISTRATOR already defined in [APP/vendors/mantis/core/constant_inc.php, line 48]
2008-04-03 15:21:04 Notice: Notice (8): Constant REPORTER already defined in [APP/vendors/mantis/core/constant_inc.php, line 44]
2008-04-03 15:21:04 Notice: Notice (8): Constant DEVELOPER already defined in [APP/vendors/mantis/core/constant_inc.php, line 46]
2008-04-03 15:21:04 Notice: Notice (8): Constant ADMINISTRATOR already defined in [APP/vendors/mantis/core/constant_inc.php, line 48]
2008-04-03 15:24:55 Notice: Notice (8): Constant REPORTER already defined in [APP/vendors/mantis/core/constant_inc.php, line 44]
2008-04-03 15:24:55 Notice: Notice (8): Constant DEVELOPER already defined in [APP/vendors/mantis/core/constant_inc.php, line 46]
2008-04-03 15:24:55 Notice: Notice (8): Constant ADMINISTRATOR already defined in [APP/vendors/mantis/core/constant_inc.php, line 48]
2008-04-03 15:59:20 Notice: Notice (8): Constant REPORTER already defined in [APP/vendors/mantis/core/constant_inc.php, line 44]
2008-04-03 15:59:20 Notice: Notice (8): Constant DEVELOPER already defined in [APP/vendors/mantis/core/constant_inc.php, line 46]
2008-04-03 15:59:20 Notice: Notice (8): Constant ADMINISTRATOR already defined in [APP/vendors/mantis/core/constant_inc.php, line 48]
2008-04-03 16:00:17 Notice: Notice (8): Constant REPORTER already defined in [APP/vendors/mantis/core/constant_inc.php, line 44]
2008-04-03 16:00:17 Notice: Notice (8): Constant DEVELOPER already defined in [APP/vendors/mantis/core/constant_inc.php, line 46]
2008-04-03 16:00:17 Notice: Notice (8): Constant ADMINISTRATOR already defined in [APP/vendors/mantis/core/constant_inc.php, line 48]
2008-04-03 16:04:29 Notice: Notice (8): Constant REPORTER already defined in [APP/vendors/mantis/core/constant_inc.php, line 44]
2008-04-03 16:04:29 Notice: Notice (8): Constant DEVELOPER already defined in [APP/vendors/mantis/core/constant_inc.php, line 46]
2008-04-03 16:04:29 Notice: Notice (8): Constant ADMINISTRATOR already defined in [APP/vendors/mantis/core/constant_inc.php, line 48]
2008-04-03 16:06:26 Notice: Notice (8): Constant REPORTER already defined in [APP/vendors/mantis/core/constant_inc.php, line 44]
2008-04-03 16:06:26 Notice: Notice (8): Constant DEVELOPER already defined in [APP/vendors/mantis/core/constant_inc.php, line 46]
2008-04-03 16:06:26 Notice: Notice (8): Constant ADMINISTRATOR already defined in [APP/vendors/mantis/core/constant_inc.php, line 48]
2008-04-03 16:06:50 Notice: Notice (8): Constant REPORTER already defined in [APP/vendors/mantis/core/constant_inc.php, line 44]
2008-04-03 16:06:50 Notice: Notice (8): Constant DEVELOPER already defined in [APP/vendors/mantis/core/constant_inc.php, line 46]
2008-04-03 16:06:50 Notice: Notice (8): Constant ADMINISTRATOR already defined in [APP/vendors/mantis/core/constant_inc.php, line 48]
2008-04-03 16:07:12 Notice: Notice (8): Constant REPORTER already defined in [APP/vendors/mantis/core/constant_inc.php, line 44]
2008-04-03 16:07:12 Notice: Notice (8): Constant DEVELOPER already defined in [APP/vendors/mantis/core/constant_inc.php, line 46]
2008-04-03 16:07:12 Notice: Notice (8): Constant ADMINISTRATOR already defined in [APP/vendors/mantis/core/constant_inc.php, line 48]
2008-04-03 16:07:44 Notice: Notice (8): Constant REPORTER already defined in [APP/vendors/mantis/core/constant_inc.php, line 44]
2008-04-03 16:07:44 Notice: Notice (8): Constant DEVELOPER already defined in [APP/vendors/mantis/core/constant_inc.php, line 46]
2008-04-03 16:07:44 Notice: Notice (8): Constant ADMINISTRATOR already defined in [APP/vendors/mantis/core/constant_inc.php, line 48]
2008-04-03 16:07:54 Notice: Notice (8): Constant REPORTER already defined in [APP/vendors/mantis/core/constant_inc.php, line 44]
2008-04-03 16:07:54 Notice: Notice (8): Constant DEVELOPER already defined in [APP/vendors/mantis/core/constant_inc.php, line 46]
2008-04-03 16:07:54 Notice: Notice (8): Constant ADMINISTRATOR already defined in [APP/vendors/mantis/core/constant_inc.php, line 48]
2008-04-03 16:08:12 Notice: Notice (8): Constant REPORTER already defined in [APP/vendors/mantis/core/constant_inc.php, line 44]
2008-04-03 16:08:12 Notice: Notice (8): Constant DEVELOPER already defined in [APP/vendors/mantis/core/constant_inc.php, line 46]
2008-04-03 16:08:12 Notice: Notice (8): Constant ADMINISTRATOR already defined in [APP/vendors/mantis/core/constant_inc.php, line 48]
2008-04-03 16:11:26 Notice: Notice (8): Constant REPORTER already defined in [APP/vendors/mantis/core/constant_inc.php, line 44]
2008-04-03 16:11:26 Notice: Notice (8): Constant DEVELOPER already defined in [APP/vendors/mantis/core/constant_inc.php, line 46]
2008-04-03 16:11:26 Notice: Notice (8): Constant ADMINISTRATOR already defined in [APP/vendors/mantis/core/constant_inc.php, line 48]
2008-04-03 16:12:48 Notice: Notice (8): Constant REPORTER already defined in [APP/vendors/mantis/core/constant_inc.php, line 44]
2008-04-03 16:12:48 Notice: Notice (8): Constant DEVELOPER already defined in [APP/vendors/mantis/core/constant_inc.php, line 46]
2008-04-03 16:12:48 Notice: Notice (8): Constant ADMINISTRATOR already defined in [APP/vendors/mantis/core/constant_inc.php, line 48]
2008-04-03 16:17:55 Notice: Notice (8): Constant REPORTER already defined in [APP/vendors/mantis/core/constant_inc.php, line 44]
2008-04-03 16:17:55 Notice: Notice (8): Constant DEVELOPER already defined in [APP/vendors/mantis/core/constant_inc.php, line 46]
2008-04-03 16:17:55 Notice: Notice (8): Constant ADMINISTRATOR already defined in [APP/vendors/mantis/core/constant_inc.php, line 48]
2008-04-03 16:21:02 Notice: Notice (8): Constant REPORTER already defined in [APP/vendors/mantis/core/constant_inc.php, line 44]
2008-04-03 16:21:02 Notice: Notice (8): Constant DEVELOPER already defined in [APP/vendors/mantis/core/constant_inc.php, line 46]
2008-04-03 16:21:02 Notice: Notice (8): Constant ADMINISTRATOR already defined in [APP/vendors/mantis/core/constant_inc.php, line 48]
2008-04-03 16:21:22 Notice: Notice (8): Constant REPORTER already defined in [APP/vendors/mantis/core/constant_inc.php, line 44]
2008-04-03 16:21:22 Notice: Notice (8): Constant DEVELOPER already defined in [APP/vendors/mantis/core/constant_inc.php, line 46]
2008-04-03 16:21:22 Notice: Notice (8): Constant ADMINISTRATOR already defined in [APP/vendors/mantis/core/constant_inc.php, line 48]
2008-04-03 16:27:06 Notice: Notice (8): Constant REPORTER already defined in [APP/vendors/mantis/core/constant_inc.php, line 44]
2008-04-03 16:27:06 Notice: Notice (8): Constant DEVELOPER already defined in [APP/vendors/mantis/core/constant_inc.php, line 46]
2008-04-03 16:27:06 Notice: Notice (8): Constant ADMINISTRATOR already defined in [APP/vendors/mantis/core/constant_inc.php, line 48]
2008-04-03 16:35:59 Notice: Notice (8): Constant REPORTER already defined in [APP/vendors/mantis/core/constant_inc.php, line 44]
2008-04-03 16:35:59 Notice: Notice (8): Constant DEVELOPER already defined in [APP/vendors/mantis/core/constant_inc.php, line 46]
2008-04-03 16:35:59 Notice: Notice (8): Constant ADMINISTRATOR already defined in [APP/vendors/mantis/core/constant_inc.php, line 48]
2008-04-03 16:35:59 Notice: Notice (8): Constant REPORTER already defined in [APP/vendors/mantis/core/constant_inc.php, line 44]
2008-04-03 16:35:59 Notice: Notice (8): Constant DEVELOPER already defined in [APP/vendors/mantis/core/constant_inc.php, line 46]
2008-04-03 16:35:59 Notice: Notice (8): Constant ADMINISTRATOR already defined in [APP/vendors/mantis/core/constant_inc.php, line 48]
2008-04-03 17:17:25 Notice: Notice (8): Constant REPORTER already defined in [APP/vendors/mantis/core/constant_inc.php, line 44]
2008-04-03 17:17:25 Notice: Notice (8): Constant DEVELOPER already defined in [APP/vendors/mantis/core/constant_inc.php, line 46]
2008-04-03 17:17:25 Notice: Notice (8): Constant ADMINISTRATOR already defined in [APP/vendors/mantis/core/constant_inc.php, line 48]
2008-04-03 17:17:55 Notice: Notice (8): Constant REPORTER already defined in [APP/vendors/mantis/core/constant_inc.php, line 44]
2008-04-03 17:17:55 Notice: Notice (8): Constant DEVELOPER already defined in [APP/vendors/mantis/core/constant_inc.php, line 46]
2008-04-03 17:17:55 Notice: Notice (8): Constant ADMINISTRATOR already defined in [APP/vendors/mantis/core/constant_inc.php, line 48]
2008-04-03 17:18:40 Notice: Notice (8): Constant REPORTER already defined in [APP/vendors/mantis/core/constant_inc.php, line 44]
2008-04-03 17:18:40 Notice: Notice (8): Constant DEVELOPER already defined in [APP/vendors/mantis/core/constant_inc.php, line 46]
2008-04-03 17:18:40 Notice: Notice (8): Constant ADMINISTRATOR already defined in [APP/vendors/mantis/core/constant_inc.php, line 48]
2008-04-03 17:19:17 Notice: Notice (8): Constant REPORTER already defined in [APP/vendors/mantis/core/constant_inc.php, line 44]
2008-04-03 17:19:17 Notice: Notice (8): Constant DEVELOPER already defined in [APP/vendors/mantis/core/constant_inc.php, line 46]
2008-04-03 17:19:17 Notice: Notice (8): Constant ADMINISTRATOR already defined in [APP/vendors/mantis/core/constant_inc.php, line 48]
2008-04-03 17:20:26 Notice: Notice (8): Constant REPORTER already defined in [APP/vendors/mantis/core/constant_inc.php, line 44]
2008-04-03 17:20:26 Notice: Notice (8): Constant DEVELOPER already defined in [APP/vendors/mantis/core/constant_inc.php, line 46]
2008-04-03 17:20:26 Notice: Notice (8): Constant ADMINISTRATOR already defined in [APP/vendors/mantis/core/constant_inc.php, line 48]
2008-04-03 17:21:35 Notice: Notice (8): Constant REPORTER already defined in [APP/vendors/mantis/core/constant_inc.php, line 44]
2008-04-03 17:21:35 Notice: Notice (8): Constant DEVELOPER already defined in [APP/vendors/mantis/core/constant_inc.php, line 46]
2008-04-03 17:21:35 Notice: Notice (8): Constant ADMINISTRATOR already defined in [APP/vendors/mantis/core/constant_inc.php, line 48]
2008-04-03 17:23:51 Notice: Notice (8): Constant REPORTER already defined in [APP/vendors/mantis/core/constant_inc.php, line 44]
2008-04-03 17:23:51 Notice: Notice (8): Constant DEVELOPER already defined in [APP/vendors/mantis/core/constant_inc.php, line 46]
2008-04-03 17:23:51 Notice: Notice (8): Constant ADMINISTRATOR already defined in [APP/vendors/mantis/core/constant_inc.php, line 48]
2008-04-03 17:24:15 Notice: Notice (8): Constant REPORTER already defined in [APP/vendors/mantis/core/constant_inc.php, line 44]
2008-04-03 17:24:15 Notice: Notice (8): Constant DEVELOPER already defined in [APP/vendors/mantis/core/constant_inc.php, line 46]
2008-04-03 17:24:15 Notice: Notice (8): Constant ADMINISTRATOR already defined in [APP/vendors/mantis/core/constant_inc.php, line 48]
2008-04-03 17:26:27 Notice: Notice (8): Constant REPORTER already defined in [APP/vendors/mantis/core/constant_inc.php, line 44]
2008-04-03 17:26:27 Notice: Notice (8): Constant DEVELOPER already defined in [APP/vendors/mantis/core/constant_inc.php, line 46]
2008-04-03 17:26:27 Notice: Notice (8): Constant ADMINISTRATOR already defined in [APP/vendors/mantis/core/constant_inc.php, line 48]
2008-04-03 17:26:41 Notice: Notice (8): Constant REPORTER already defined in [APP/vendors/mantis/core/constant_inc.php, line 44]
2008-04-03 17:26:41 Notice: Notice (8): Constant DEVELOPER already defined in [APP/vendors/mantis/core/constant_inc.php, line 46]
2008-04-03 17:26:41 Notice: Notice (8): Constant ADMINISTRATOR already defined in [APP/vendors/mantis/core/constant_inc.php, line 48]
2008-04-03 17:30:30 Notice: Notice (8): Constant REPORTER already defined in [APP/vendors/mantis/core/constant_inc.php, line 44]
2008-04-03 17:30:30 Notice: Notice (8): Constant DEVELOPER already defined in [APP/vendors/mantis/core/constant_inc.php, line 46]
2008-04-03 17:30:30 Notice: Notice (8): Constant ADMINISTRATOR already defined in [APP/vendors/mantis/core/constant_inc.php, line 48]
2008-04-03 17:33:39 Notice: Notice (8): Constant REPORTER already defined in [APP/vendors/mantis/core/constant_inc.php, line 44]
2008-04-03 17:33:39 Notice: Notice (8): Constant DEVELOPER already defined in [APP/vendors/mantis/core/constant_inc.php, line 46]
2008-04-03 17:33:39 Notice: Notice (8): Constant ADMINISTRATOR already defined in [APP/vendors/mantis/core/constant_inc.php, line 48]
2008-04-03 17:36:46 Notice: Notice (8): Constant REPORTER already defined in [APP/vendors/mantis/core/constant_inc.php, line 44]
2008-04-03 17:36:46 Notice: Notice (8): Constant DEVELOPER already defined in [APP/vendors/mantis/core/constant_inc.php, line 46]
2008-04-03 17:36:46 Notice: Notice (8): Constant ADMINISTRATOR already defined in [APP/vendors/mantis/core/constant_inc.php, line 48]
2008-04-03 17:37:19 Notice: Notice (8): Constant REPORTER already defined in [APP/vendors/mantis/core/constant_inc.php, line 44]
2008-04-03 17:37:19 Notice: Notice (8): Constant DEVELOPER already defined in [APP/vendors/mantis/core/constant_inc.php, line 46]
2008-04-03 17:37:19 Notice: Notice (8): Constant ADMINISTRATOR already defined in [APP/vendors/mantis/core/constant_inc.php, line 48]
2008-04-03 17:37:50 Notice: Notice (8): Constant REPORTER already defined in [APP/vendors/mantis/core/constant_inc.php, line 44]
2008-04-03 17:37:50 Notice: Notice (8): Constant DEVELOPER already defined in [APP/vendors/mantis/core/constant_inc.php, line 46]
2008-04-03 17:37:50 Notice: Notice (8): Constant ADMINISTRATOR already defined in [APP/vendors/mantis/core/constant_inc.php, line 48]
2008-04-03 17:38:16 Notice: Notice (8): Constant REPORTER already defined in [APP/vendors/mantis/core/constant_inc.php, line 44]
2008-04-03 17:38:16 Notice: Notice (8): Constant DEVELOPER already defined in [APP/vendors/mantis/core/constant_inc.php, line 46]
2008-04-03 17:38:16 Notice: Notice (8): Constant ADMINISTRATOR already defined in [APP/vendors/mantis/core/constant_inc.php, line 48]
2008-04-03 17:39:01 Notice: Notice (8): Constant REPORTER already defined in [APP/vendors/mantis/core/constant_inc.php, line 44]
2008-04-03 17:39:01 Notice: Notice (8): Constant DEVELOPER already defined in [APP/vendors/mantis/core/constant_inc.php, line 46]
2008-04-03 17:39:01 Notice: Notice (8): Constant ADMINISTRATOR already defined in [APP/vendors/mantis/core/constant_inc.php, line 48]
2008-04-03 17:46:37 Notice: Notice (8): Constant REPORTER already defined in [APP/vendors/mantis/core/constant_inc.php, line 44]
2008-04-03 17:46:37 Notice: Notice (8): Constant DEVELOPER already defined in [APP/vendors/mantis/core/constant_inc.php, line 46]
2008-04-03 17:46:37 Notice: Notice (8): Constant ADMINISTRATOR already defined in [APP/vendors/mantis/core/constant_inc.php, line 48]
2008-04-03 17:48:07 Notice: Notice (8): Constant REPORTER already defined in [APP/vendors/mantis/core/constant_inc.php, line 44]
2008-04-03 17:48:07 Notice: Notice (8): Constant DEVELOPER already defined in [APP/vendors/mantis/core/constant_inc.php, line 46]
2008-04-03 17:48:07 Notice: Notice (8): Constant ADMINISTRATOR already defined in [APP/vendors/mantis/core/constant_inc.php, line 48]
2008-04-03 17:48:23 Notice: Notice (8): Constant REPORTER already defined in [APP/vendors/mantis/core/constant_inc.php, line 44]
2008-04-03 17:48:23 Notice: Notice (8): Constant DEVELOPER already defined in [APP/vendors/mantis/core/constant_inc.php, line 46]
2008-04-03 17:48:23 Notice: Notice (8): Constant ADMINISTRATOR already defined in [APP/vendors/mantis/core/constant_inc.php, line 48]
2008-04-03 17:48:29 Notice: Notice (8): Constant REPORTER already defined in [APP/vendors/mantis/core/constant_inc.php, line 44]
2008-04-03 17:48:29 Notice: Notice (8): Constant DEVELOPER already defined in [APP/vendors/mantis/core/constant_inc.php, line 46]
2008-04-03 17:48:29 Notice: Notice (8): Constant ADMINISTRATOR already defined in [APP/vendors/mantis/core/constant_inc.php, line 48]
2008-04-03 17:48:41 Notice: Notice (8): Constant REPORTER already defined in [APP/vendors/mantis/core/constant_inc.php, line 44]
2008-04-03 17:48:41 Notice: Notice (8): Constant DEVELOPER already defined in [APP/vendors/mantis/core/constant_inc.php, line 46]
2008-04-03 17:48:41 Notice: Notice (8): Constant ADMINISTRATOR already defined in [APP/vendors/mantis/core/constant_inc.php, line 48]
2008-04-03 17:48:59 Notice: Notice (8): Constant REPORTER already defined in [APP/vendors/mantis/core/constant_inc.php, line 44]
2008-04-03 17:48:59 Notice: Notice (8): Constant DEVELOPER already defined in [APP/vendors/mantis/core/constant_inc.php, line 46]
2008-04-03 17:48:59 Notice: Notice (8): Constant ADMINISTRATOR already defined in [APP/vendors/mantis/core/constant_inc.php, line 48]
2008-04-03 17:49:17 Notice: Notice (8): Constant REPORTER already defined in [APP/vendors/mantis/core/constant_inc.php, line 44]
2008-04-03 17:49:17 Notice: Notice (8): Constant DEVELOPER already defined in [APP/vendors/mantis/core/constant_inc.php, line 46]
2008-04-03 17:49:17 Notice: Notice (8): Constant ADMINISTRATOR already defined in [APP/vendors/mantis/core/constant_inc.php, line 48]
2008-04-03 17:53:27 Notice: Notice (8): Constant REPORTER already defined in [APP/vendors/mantis/core/constant_inc.php, line 44]
2008-04-03 17:53:27 Notice: Notice (8): Constant DEVELOPER already defined in [APP/vendors/mantis/core/constant_inc.php, line 46]
2008-04-03 17:53:27 Notice: Notice (8): Constant ADMINISTRATOR already defined in [APP/vendors/mantis/core/constant_inc.php, line 48]
2008-04-03 17:53:43 Notice: Notice (8): Constant REPORTER already defined in [APP/vendors/mantis/core/constant_inc.php, line 44]
2008-04-03 17:53:43 Notice: Notice (8): Constant DEVELOPER already defined in [APP/vendors/mantis/core/constant_inc.php, line 46]
2008-04-03 17:53:43 Notice: Notice (8): Constant ADMINISTRATOR already defined in [APP/vendors/mantis/core/constant_inc.php, line 48]
2008-04-03 17:54:10 Notice: Notice (8): Constant REPORTER already defined in [APP/vendors/mantis/core/constant_inc.php, line 44]
2008-04-03 17:54:10 Notice: Notice (8): Constant DEVELOPER already defined in [APP/vendors/mantis/core/constant_inc.php, line 46]
2008-04-03 17:54:10 Notice: Notice (8): Constant ADMINISTRATOR already defined in [APP/vendors/mantis/core/constant_inc.php, line 48]
2008-04-03 17:54:50 Notice: Notice (8): Constant REPORTER already defined in [APP/vendors/mantis/core/constant_inc.php, line 44]
2008-04-03 17:54:50 Notice: Notice (8): Constant DEVELOPER already defined in [APP/vendors/mantis/core/constant_inc.php, line 46]
2008-04-03 17:54:50 Notice: Notice (8): Constant ADMINISTRATOR already defined in [APP/vendors/mantis/core/constant_inc.php, line 48]
2008-04-03 17:55:15 Notice: Notice (8): Constant REPORTER already defined in [APP/vendors/mantis/core/constant_inc.php, line 44]
2008-04-03 17:55:15 Notice: Notice (8): Constant DEVELOPER already defined in [APP/vendors/mantis/core/constant_inc.php, line 46]
2008-04-03 17:55:15 Notice: Notice (8): Constant ADMINISTRATOR already defined in [APP/vendors/mantis/core/constant_inc.php, line 48]
2008-04-03 17:56:01 Notice: Notice (8): Constant REPORTER already defined in [APP/vendors/mantis/core/constant_inc.php, line 44]
2008-04-03 17:56:01 Notice: Notice (8): Constant DEVELOPER already defined in [APP/vendors/mantis/core/constant_inc.php, line 46]
2008-04-03 17:56:01 Notice: Notice (8): Constant ADMINISTRATOR already defined in [APP/vendors/mantis/core/constant_inc.php, line 48]
2008-04-03 17:56:06 Notice: Notice (8): Constant REPORTER already defined in [APP/vendors/mantis/core/constant_inc.php, line 44]
2008-04-03 17:56:06 Notice: Notice (8): Constant DEVELOPER already defined in [APP/vendors/mantis/core/constant_inc.php, line 46]
2008-04-03 17:56:06 Notice: Notice (8): Constant ADMINISTRATOR already defined in [APP/vendors/mantis/core/constant_inc.php, line 48]
2008-04-03 17:56:21 Notice: Notice (8): Constant REPORTER already defined in [APP/vendors/mantis/core/constant_inc.php, line 44]
2008-04-03 17:56:21 Notice: Notice (8): Constant DEVELOPER already defined in [APP/vendors/mantis/core/constant_inc.php, line 46]
2008-04-03 17:56:21 Notice: Notice (8): Constant ADMINISTRATOR already defined in [APP/vendors/mantis/core/constant_inc.php, line 48]
2008-04-03 17:56:28 Notice: Notice (8): Constant REPORTER already defined in [APP/vendors/mantis/core/constant_inc.php, line 44]
2008-04-03 17:56:28 Notice: Notice (8): Constant DEVELOPER already defined in [APP/vendors/mantis/core/constant_inc.php, line 46]
2008-04-03 17:56:28 Notice: Notice (8): Constant ADMINISTRATOR already defined in [APP/vendors/mantis/core/constant_inc.php, line 48]
2008-04-04 15:15:59 Notice: Notice (8): Constant REPORTER already defined in [APP/vendors/mantis/core/constant_inc.php, line 44]
2008-04-04 15:15:59 Notice: Notice (8): Constant DEVELOPER already defined in [APP/vendors/mantis/core/constant_inc.php, line 46]
2008-04-04 15:15:59 Notice: Notice (8): Constant ADMINISTRATOR already defined in [APP/vendors/mantis/core/constant_inc.php, line 48]
2008-04-04 15:18:44 Notice: Notice (8): Constant REPORTER already defined in [APP/vendors/mantis/core/constant_inc.php, line 44]
2008-04-04 15:18:44 Notice: Notice (8): Constant DEVELOPER already defined in [APP/vendors/mantis/core/constant_inc.php, line 46]
2008-04-04 15:18:44 Notice: Notice (8): Constant ADMINISTRATOR already defined in [APP/vendors/mantis/core/constant_inc.php, line 48]
2008-04-04 15:19:04 Notice: Notice (8): Constant REPORTER already defined in [APP/vendors/mantis/core/constant_inc.php, line 44]
2008-04-04 15:19:04 Notice: Notice (8): Constant DEVELOPER already defined in [APP/vendors/mantis/core/constant_inc.php, line 46]
2008-04-04 15:19:04 Notice: Notice (8): Constant ADMINISTRATOR already defined in [APP/vendors/mantis/core/constant_inc.php, line 48]
2008-04-07 14:22:05 Notice: Notice (8): Constant REPORTER already defined in [APP/vendors/mantis/core/constant_inc.php, line 44]
2008-04-07 14:22:05 Notice: Notice (8): Constant DEVELOPER already defined in [APP/vendors/mantis/core/constant_inc.php, line 46]
2008-04-07 14:22:05 Notice: Notice (8): Constant ADMINISTRATOR already defined in [APP/vendors/mantis/core/constant_inc.php, line 48]
2008-04-09 10:44:09 Notice: Notice (8): Constant REPORTER already defined in [APP/vendors/mantis/core/constant_inc.php, line 44]
2008-04-09 10:44:09 Notice: Notice (8): Constant DEVELOPER already defined in [APP/vendors/mantis/core/constant_inc.php, line 46]
2008-04-09 10:44:09 Notice: Notice (8): Constant ADMINISTRATOR already defined in [APP/vendors/mantis/core/constant_inc.php, line 48]
2008-04-09 10:44:10 Notice: Notice (8): Constant REPORTER already defined in [APP/vendors/mantis/core/constant_inc.php, line 44]
2008-04-09 10:44:10 Notice: Notice (8): Constant DEVELOPER already defined in [APP/vendors/mantis/core/constant_inc.php, line 46]
2008-04-09 10:44:10 Notice: Notice (8): Constant ADMINISTRATOR already defined in [APP/vendors/mantis/core/constant_inc.php, line 48]
2008-04-09 10:44:16 Notice: Notice (8): Constant REPORTER already defined in [APP/vendors/mantis/core/constant_inc.php, line 44]
2008-04-09 10:44:16 Notice: Notice (8): Constant DEVELOPER already defined in [APP/vendors/mantis/core/constant_inc.php, line 46]
2008-04-09 10:44:16 Notice: Notice (8): Constant ADMINISTRATOR already defined in [APP/vendors/mantis/core/constant_inc.php, line 48]
2008-04-09 10:44:17 Notice: Notice (8): Constant REPORTER already defined in [APP/vendors/mantis/core/constant_inc.php, line 44]
2008-04-09 10:44:17 Notice: Notice (8): Constant DEVELOPER already defined in [APP/vendors/mantis/core/constant_inc.php, line 46]
2008-04-09 10:44:17 Notice: Notice (8): Constant ADMINISTRATOR already defined in [APP/vendors/mantis/core/constant_inc.php, line 48]
2008-04-09 10:44:26 Notice: Notice (8): Constant REPORTER already defined in [APP/vendors/mantis/core/constant_inc.php, line 44]
2008-04-09 10:44:26 Notice: Notice (8): Constant DEVELOPER already defined in [APP/vendors/mantis/core/constant_inc.php, line 46]
2008-04-09 10:44:26 Notice: Notice (8): Constant ADMINISTRATOR already defined in [APP/vendors/mantis/core/constant_inc.php, line 48]
2008-04-09 10:44:27 Notice: Notice (8): Constant REPORTER already defined in [APP/vendors/mantis/core/constant_inc.php, line 44]
2008-04-09 10:44:27 Notice: Notice (8): Constant DEVELOPER already defined in [APP/vendors/mantis/core/constant_inc.php, line 46]
2008-04-09 10:44:27 Notice: Notice (8): Constant ADMINISTRATOR already defined in [APP/vendors/mantis/core/constant_inc.php, line 48]
2008-05-21 15:59:55 Notice: Notice (8): Use of undefined constant MANTIS_DB_PASSWD - assumed 'MANTIS_DB_PASSWD' in [APP/vendors/mantis/config_inc.php, line 8]
2008-05-22 17:11:15 Notice: Notice (8): Undefined index:  PATH_TRANSLATED in [APP/config/constants.php, line 3]
2008-05-22 17:11:16 Notice: Notice (8): Undefined index:  PATH_TRANSLATED in [APP/config/constants.php, line 3]
